<?xml version="1.0" encoding="UTF-8"?>
<!-- Generated by org.testng.reporters.JUnitXMLReporter -->
<testsuite hostname="Inspirion" name="FirefoxTest" tests="3" failures="0" timestamp="1 Jul 2016 12:45:56 GMT" time="0.057" errors="0">
  <testcase name="@BeforeClass setUp" time="0.0" classname="epam.homework.testingGmail.GoogleTest">
    <failure type="org.testng.TestNGException" message="
Parameter &amp;apos;browserName&amp;apos; is required by @Configuration on method setUp but has not been marked @Optional or defined
in C:\Users\Olena\workspace\testingGmail\src\test\java\resources\tests.xml">
      <![CDATA[org.testng.TestNGException: 
Parameter 'browserName' is required by @Configuration on method setUp but has not been marked @Optional or defined
in C:\Users\Olena\workspace\testingGmail\src\test\java\resources\tests.xml
	at java.util.concurrent.FutureTask.run(Unknown Source)
	at java.util.concurrent.ThreadPoolExecutor.runWorker(Unknown Source)
	at java.util.concurrent.ThreadPoolExecutor$Worker.run(Unknown Source)
	at java.lang.Thread.run(Unknown Source)
... Removed 13 stack frames]]>
    </failure>
  </testcase> <!-- @BeforeClass setUp -->
  <testcase name="@AfterClass tearDown" time="0.0" classname="epam.homework.testingGmail.GoogleTest">
    <failure type="java.lang.NullPointerException">
      <![CDATA[java.lang.NullPointerException
	at epam.homework.testingGmail.GoogleTest.tearDown(GoogleTest.java:57)
	at java.util.concurrent.FutureTask.run(Unknown Source)
	at java.util.concurrent.ThreadPoolExecutor.runWorker(Unknown Source)
	at java.util.concurrent.ThreadPoolExecutor$Worker.run(Unknown Source)
	at java.lang.Thread.run(Unknown Source)
... Removed 16 stack frames]]>
    </failure>
  </testcase> <!-- @AfterClass tearDown -->
  <testcase name="loadPage" time="0.009" classname="epam.homework.testingGmail.GoogleTest">
    <skipped/>
  </testcase> <!-- loadPage -->
  <testcase name="markAsImportant" time="0.011" classname="epam.homework.testingGmail.GoogleTest">
    <skipped/>
  </testcase> <!-- markAsImportant -->
  <testcase name="deleteMsg" time="0.001" classname="epam.homework.testingGmail.GoogleTest">
    <skipped/>
  </testcase> <!-- deleteMsg -->
</testsuite> <!-- FirefoxTest -->
